jPSXdec: PSX media decoder (non-commercial) v2.0
Windows 11 10.0
Java 1.8.0_471
2025-11-29 11:37:23
11:37 jpsxdec.cdreaders.CdOpener INFO: C:\Users\JO\Desktop\XENO_ARC\Xenogears\JPN ROM\XenogearsCD1JPN.bin
11:37 jpsxdec.cdreaders.SectorFactory INFO: Attempting to identify as 2448
11:37 jpsxdec.cdreaders.SectorFactory INFO: Attempting to identify as 2352
11:37 jpsxdec.cdreaders.SectorFactory INFO: Disc type identified as 2352
11:37 index INFO: Indexing Filename:C:\Users\JO\Desktop\XENO_ARC\Xenogears\JPN ROM\XenogearsCD1JPN.bin|Sector size:2352|Sector count:305357|First sector offset:0
11:37 jpsxdec.indexing.DiscIndexer INFO: Adding disc item Sectors:48-824|Type:XA|File:1|Channel:1|Stereo?:Yes|Samples/Sec:37800|Bits/Sample:4|Sector stride:8|Disc speed:2x
11:37 jpsxdec.modules.video.sectorbased.fps.StrFrameRateCalc INFO: Matching fps sequence: "10.0 sectors/frame" 10 length 780 matches@0 1:1=true
11:37 jpsxdec.modules.video.sectorbased.fps.StrFrameRateCalc INFO: Possible frame rates: [2, 5, 10][NTSC15_A8-100,999.dat, NTSC15_A8-101,1000.dat] Chose 10
11:37 jpsxdec.modules.video.sectorbased.fps.StrFrameRateCalc INFO: Sectors 41-820 (780) frames 78 average 10 CASE1001011 old 10 new 10 @000000 vfr false 10.0 sectors/frame
11:37 jpsxdec.indexing.DiscIndexer INFO: Adding disc item Sectors:41-820|Type:Video|Dimensions:320x224|Frame Count:78|Sector Frames:41-811|Sectors/Frame:10/1|1st frame end sector:9|Header Frames:1-78
11:37 jpsxdec.indexing.DiscIndexer INFO: Adding disc item Sectors:832-4672|Type:XA|File:1|Channel:1|Stereo?:Yes|Samples/Sec:37800|Bits/Sample:4|Sector stride:8|Disc speed:2x
11:37 jpsxdec.modules.video.sectorbased.fps.StrFrameRateCalc INFO: Matching fps sequence: "10.0 sectors/frame" 10 length 3799 matches@0 1:1=true
11:37 jpsxdec.modules.video.sectorbased.fps.StrFrameRateCalc INFO: Possible frame rates: [2, 5, 10] Chose 10
11:37 jpsxdec.modules.video.sectorbased.fps.StrFrameRateCalc INFO: Sectors 825-4623 (3799) frames 380 average 3799/380 (9.9974) CASE1001011 old 10 new 10 @000000 vfr false 10.0 sectors/frame
11:37 jpsxdec.indexing.DiscIndexer INFO: Adding disc item Sectors:825-4623|Type:Video|Dimensions:320x224|Frame Count:380|Sector Frames:825-4615|Sectors/Frame:10/1|1st frame end sector:9|Header Frames:1-380
11:37 jpsxdec.indexing.DiscIndexer INFO: Adding disc item Sectors:4680-8416|Type:XA|File:1|Channel:1|Stereo?:Yes|Samples/Sec:37800|Bits/Sample:4|Sector stride:8|Disc speed:2x
11:37 jpsxdec.modules.video.sectorbased.fps.StrFrameRateCalc INFO: Matching fps sequence: "10.0 sectors/frame" 10 length 3700 matches@0 1:1=true
11:37 jpsxdec.modules.video.sectorbased.fps.StrFrameRateCalc INFO: Possible frame rates: [2, 5, 10] Chose 10
11:37 jpsxdec.modules.video.sectorbased.fps.StrFrameRateCalc INFO: Sectors 4673-8372 (3700) frames 370 average 10 CASE1001011 old 10 new 10 @000000 vfr false 10.0 sectors/frame
11:37 jpsxdec.indexing.DiscIndexer INFO: Adding disc item Sectors:4673-8372|Type:Video|Dimensions:320x224|Frame Count:370|Sector Frames:4673-8363|Sectors/Frame:10/1|1st frame end sector:9|Header Frames:1-370
11:37 jpsxdec.indexing.DiscIndexer INFO: Adding disc item Sectors:8424-11040|Type:XA|File:1|Channel:1|Stereo?:Yes|Samples/Sec:37800|Bits/Sample:4|Sector stride:8|Disc speed:2x
11:37 jpsxdec.modules.video.sectorbased.fps.StrFrameRateCalc INFO: Matching fps sequence: "10.0 sectors/frame" 10 length 2630 matches@0 1:1=true
11:37 jpsxdec.modules.video.sectorbased.fps.StrFrameRateCalc INFO: Possible frame rates: [2, 5, 10] Chose 10
11:37 jpsxdec.modules.video.sectorbased.fps.StrFrameRateCalc INFO: Sectors 8417-11046 (2630) frames 263 average 10 CASE1001011 old 10 new 10 @000000 vfr false 10.0 sectors/frame
11:37 jpsxdec.indexing.DiscIndexer INFO: Adding disc item Sectors:8417-11046|Type:Video|Dimensions:320x224|Frame Count:263|Sector Frames:8417-11037|Sectors/Frame:10/1|1st frame end sector:9|Header Frames:1-263
11:37 jpsxdec.indexing.DiscIndexer INFO: Adding disc item Sectors:11054-16734|Type:XA|File:1|Channel:1|Stereo?:Yes|Samples/Sec:37800|Bits/Sample:4|Sector stride:8|Disc speed:2x
11:37 jpsxdec.modules.video.sectorbased.fps.StrFrameRateCalc INFO: Matching fps sequence: "10.0 sectors/frame" 10 length 5650 matches@0 1:1=true
11:37 jpsxdec.modules.video.sectorbased.fps.StrFrameRateCalc INFO: Possible frame rates: [2, 5, 10] Chose 10
11:37 jpsxdec.modules.video.sectorbased.fps.StrFrameRateCalc INFO: Sectors 11047-16696 (5650) frames 565 average 10 CASE1001011 old 10 new 10 @000000 vfr false 10.0 sectors/frame
11:37 jpsxdec.indexing.DiscIndexer INFO: Adding disc item Sectors:11047-16696|Type:Video|Dimensions:320x224|Frame Count:565|Sector Frames:11047-16687|Sectors/Frame:10/1|1st frame end sector:9|Header Frames:1-565
11:37 jpsxdec.indexing.DiscIndexer INFO: Adding disc item Sectors:16742-22830|Type:XA|File:1|Channel:1|Stereo?:Yes|Samples/Sec:37800|Bits/Sample:4|Sector stride:8|Disc speed:2x
11:37 jpsxdec.modules.video.sectorbased.fps.StrFrameRateCalc INFO: Matching fps sequence: "10.0 sectors/frame" 10 length 6100 matches@0 1:1=true
11:37 jpsxdec.modules.video.sectorbased.fps.StrFrameRateCalc INFO: Possible frame rates: [2, 5, 10] Chose 10
11:37 jpsxdec.modules.video.sectorbased.fps.StrFrameRateCalc INFO: Sectors 16735-22834 (6100) frames 610 average 10 CASE1001011 old 10 new 10 @000000 vfr false 10.0 sectors/frame
11:37 jpsxdec.indexing.DiscIndexer INFO: Adding disc item Sectors:16735-22834|Type:Video|Dimensions:320x224|Frame Count:610|Sector Frames:16735-22825|Sectors/Frame:10/1|1st frame end sector:9|Header Frames:1-610
11:37 jpsxdec.indexing.DiscIndexer INFO: Adding disc item Sectors:22842-25906|Type:XA|File:1|Channel:1|Stereo?:Yes|Samples/Sec:37800|Bits/Sample:4|Sector stride:8|Disc speed:2x
11:37 jpsxdec.modules.video.sectorbased.fps.StrFrameRateCalc INFO: Matching fps sequence: "10.0 sectors/frame" 10 length 3030 matches@0 1:1=true
11:37 jpsxdec.modules.video.sectorbased.fps.StrFrameRateCalc INFO: Possible frame rates: [2, 5, 10] Chose 10
11:37 jpsxdec.modules.video.sectorbased.fps.StrFrameRateCalc INFO: Sectors 22835-25864 (3030) frames 303 average 10 CASE1001011 old 10 new 10 @000000 vfr false 10.0 sectors/frame
11:37 jpsxdec.indexing.DiscIndexer INFO: Adding disc item Sectors:22835-25864|Type:Video|Dimensions:320x224|Frame Count:303|Sector Frames:22835-25855|Sectors/Frame:10/1|1st frame end sector:9|Header Frames:1-303
11:37 jpsxdec.indexing.DiscIndexer INFO: Adding disc item Sectors:25914-36578|Type:XA|File:1|Channel:1|Stereo?:Yes|Samples/Sec:37800|Bits/Sample:4|Sector stride:8|Disc speed:2x
11:37 jpsxdec.modules.video.sectorbased.fps.StrFrameRateCalc INFO: Matching fps sequence: "10.0 sectors/frame" 10 length 10620 matches@0 1:1=true
11:37 jpsxdec.modules.video.sectorbased.fps.StrFrameRateCalc INFO: Possible frame rates: [2, 5, 10] Chose 10
11:37 jpsxdec.modules.video.sectorbased.fps.StrFrameRateCalc INFO: Sectors 25907-36526 (10620) frames 1062 average 10 CASE1001011 old 10 new 10 @000000 vfr false 10.0 sectors/frame
11:37 jpsxdec.indexing.DiscIndexer INFO: Adding disc item Sectors:25907-36526|Type:Video|Dimensions:320x224|Frame Count:1062|Sector Frames:25907-36517|Sectors/Frame:10/1|1st frame end sector:9|Header Frames:1-1062
11:37 jpsxdec.indexing.DiscIndexer INFO: Adding disc item Sectors:36586-45498|Type:XA|File:1|Channel:1|Stereo?:Yes|Samples/Sec:37800|Bits/Sample:4|Sector stride:8|Disc speed:2x
11:37 jpsxdec.modules.video.sectorbased.fps.StrFrameRateCalc INFO: Matching fps sequence: "10.0 sectors/frame" 10 length 8870 matches@0 1:1=true
11:37 jpsxdec.modules.video.sectorbased.fps.StrFrameRateCalc INFO: Possible frame rates: [2, 5, 10] Chose 10
11:37 jpsxdec.modules.video.sectorbased.fps.StrFrameRateCalc INFO: Sectors 36579-45448 (8870) frames 887 average 10 CASE1001011 old 10 new 10 @000000 vfr false 10.0 sectors/frame
11:37 jpsxdec.indexing.DiscIndexer INFO: Adding disc item Sectors:36579-45448|Type:Video|Dimensions:320x224|Frame Count:887|Sector Frames:36579-45439|Sectors/Frame:10/1|1st frame end sector:9|Header Frames:1-887
11:37 jpsxdec.indexing.DiscIndexer INFO: Adding disc item Sectors:45506-50778|Type:XA|File:1|Channel:1|Stereo?:Yes|Samples/Sec:37800|Bits/Sample:4|Sector stride:8|Disc speed:2x
11:37 jpsxdec.modules.video.sectorbased.fps.StrFrameRateCalc INFO: Matching fps sequence: "10.0 sectors/frame" 10 length 5230 matches@0 1:1=true
11:37 jpsxdec.modules.video.sectorbased.fps.StrFrameRateCalc INFO: Possible frame rates: [2, 5, 10] Chose 10
11:37 jpsxdec.modules.video.sectorbased.fps.StrFrameRateCalc INFO: Sectors 45499-50728 (5230) frames 523 average 10 CASE1001011 old 10 new 10 @000000 vfr false 10.0 sectors/frame
11:37 jpsxdec.indexing.DiscIndexer INFO: Adding disc item Sectors:45499-50728|Type:Video|Dimensions:320x224|Frame Count:523|Sector Frames:45499-50719|Sectors/Frame:10/1|1st frame end sector:9|Header Frames:1-523
11:37 jpsxdec.indexing.DiscIndexer INFO: Adding disc item Sectors:50786-52050|Type:XA|File:1|Channel:1|Stereo?:Yes|Samples/Sec:37800|Bits/Sample:4|Sector stride:8|Disc speed:2x
11:37 jpsxdec.modules.video.sectorbased.fps.StrFrameRateCalc INFO: Matching fps sequence: "10.0 sectors/frame" 10 length 1250 matches@0 1:1=true
11:37 jpsxdec.modules.video.sectorbased.fps.StrFrameRateCalc INFO: Possible frame rates: [2, 5, 10] Chose 10
11:37 jpsxdec.modules.video.sectorbased.fps.StrFrameRateCalc INFO: Sectors 50779-52028 (1250) frames 125 average 10 CASE1001011 old 10 new 10 @000000 vfr false 10.0 sectors/frame
11:37 jpsxdec.indexing.DiscIndexer INFO: Adding disc item Sectors:50779-52028|Type:Video|Dimensions:320x224|Frame Count:125|Sector Frames:50779-52019|Sectors/Frame:10/1|1st frame end sector:9|Header Frames:1-125
11:37 jpsxdec.indexing.DiscIndexer INFO: Adding disc item Sectors:52058-53034|Type:XA|File:1|Channel:1|Stereo?:Yes|Samples/Sec:37800|Bits/Sample:4|Sector stride:8|Disc speed:2x
11:37 jpsxdec.modules.video.sectorbased.fps.StrFrameRateCalc INFO: Matching fps sequence: "10.0 sectors/frame" 10 length 950 matches@0 1:1=true
11:37 jpsxdec.modules.video.sectorbased.fps.StrFrameRateCalc INFO: Possible frame rates: [2, 5, 10][NTSC15_A8-100,999.dat, NTSC15_A8-101,1000.dat] Chose 10
11:37 jpsxdec.modules.video.sectorbased.fps.StrFrameRateCalc INFO: Sectors 52051-53000 (950) frames 95 average 10 CASE1001011 old 10 new 10 @000000 vfr false 10.0 sectors/frame
11:37 jpsxdec.indexing.DiscIndexer INFO: Adding disc item Sectors:52051-53000|Type:Video|Dimensions:320x224|Frame Count:95|Sector Frames:52051-52991|Sectors/Frame:10/1|1st frame end sector:9|Header Frames:1-95
11:37 jpsxdec.indexing.DiscIndexer INFO: Adding disc item Sectors:53042-54018|Type:XA|File:1|Channel:1|Stereo?:Yes|Samples/Sec:37800|Bits/Sample:4|Sector stride:8|Disc speed:2x
11:37 jpsxdec.modules.video.sectorbased.fps.StrFrameRateCalc INFO: Matching fps sequence: "10.0 sectors/frame" 10 length 950 matches@0 1:1=true
11:37 jpsxdec.modules.video.sectorbased.fps.StrFrameRateCalc INFO: Possible frame rates: [2, 5, 10][NTSC15_A8-100,999.dat, NTSC15_A8-101,1000.dat] Chose 10
11:37 jpsxdec.modules.video.sectorbased.fps.StrFrameRateCalc INFO: Sectors 53035-53984 (950) frames 95 average 10 CASE1001011 old 10 new 10 @000000 vfr false 10.0 sectors/frame
11:37 jpsxdec.indexing.DiscIndexer INFO: Adding disc item Sectors:53035-53984|Type:Video|Dimensions:320x224|Frame Count:95|Sector Frames:53035-53975|Sectors/Frame:10/1|1st frame end sector:9|Header Frames:1-95
11:37 jpsxdec.indexing.DiscIndexer INFO: Adding disc item Sectors:54026-98754|Type:XA|File:1|Channel:1|Stereo?:Yes|Samples/Sec:37800|Bits/Sample:4|Sector stride:8|Disc speed:2x
11:37 jpsxdec.modules.video.sectorbased.fps.StrFrameRateCalc INFO: Matching fps sequence: "10.0 sectors/frame" 10 length 44660 matches@0 1:1=true
11:37 jpsxdec.modules.video.sectorbased.fps.StrFrameRateCalc INFO: Possible frame rates: [2, 5, 10] Chose 10
11:37 jpsxdec.modules.video.sectorbased.fps.StrFrameRateCalc INFO: Sectors 54019-98678 (44660) frames 4466 average 10 CASE1001011 old 10 new 10 @000000 vfr false 10.0 sectors/frame
11:37 jpsxdec.indexing.DiscIndexer INFO: Adding disc item Sectors:54019-98678|Type:Video|Dimensions:320x224|Frame Count:4466|Sector Frames:54019-98669|Sectors/Frame:10/1|1st frame end sector:9|Header Frames:1-4466
11:37 jpsxdec.indexing.DiscIndexer INFO: Adding disc item Sectors:98762-104522|Type:XA|File:1|Channel:1|Stereo?:Yes|Samples/Sec:37800|Bits/Sample:4|Sector stride:8|Disc speed:2x
11:37 jpsxdec.modules.video.sectorbased.fps.StrFrameRateCalc INFO: Matching fps sequence: "10.0 sectors/frame" 10 length 5780 matches@0 1:1=true
11:37 jpsxdec.modules.video.sectorbased.fps.StrFrameRateCalc INFO: Possible frame rates: [2, 5, 10] Chose 10
11:37 jpsxdec.modules.video.sectorbased.fps.StrFrameRateCalc INFO: Sectors 98755-104534 (5780) frames 578 average 10 CASE1001011 old 10 new 10 @000000 vfr false 10.0 sectors/frame
11:37 jpsxdec.indexing.DiscIndexer INFO: Adding disc item Sectors:98755-104534|Type:Video|Dimensions:320x224|Frame Count:578|Sector Frames:98755-104525|Sectors/Frame:10/1|1st frame end sector:9|Header Frames:1-578
11:37 jpsxdec.indexing.DiscIndexer INFO: Adding disc item Sectors:104542-105942|Type:XA|File:1|Channel:1|Stereo?:Yes|Samples/Sec:37800|Bits/Sample:4|Sector stride:8|Disc speed:2x // (SILENT)
11:37 jpsxdec.modules.video.sectorbased.fps.StrFrameRateCalc INFO: Matching fps sequence: "10.0 sectors/frame" 10 length 1370 matches@0 1:1=true
11:37 jpsxdec.modules.video.sectorbased.fps.StrFrameRateCalc INFO: Possible frame rates: [2, 5, 10] Chose 10
11:37 jpsxdec.modules.video.sectorbased.fps.StrFrameRateCalc INFO: Sectors 104535-105904 (1370) frames 137 average 10 CASE1001011 old 10 new 10 @000000 vfr false 10.0 sectors/frame
11:37 jpsxdec.indexing.DiscIndexer INFO: Adding disc item Sectors:104535-105904|Type:Video|Dimensions:320x224|Frame Count:137|Sector Frames:104535-105895|Sectors/Frame:10/1|1st frame end sector:9|Header Frames:1-137
11:37 jpsxdec.indexing.DiscIndexer INFO: Adding disc item Sectors:105950-108398|Type:XA|File:1|Channel:1|Stereo?:Yes|Samples/Sec:37800|Bits/Sample:4|Sector stride:8|Disc speed:2x
11:37 jpsxdec.indexing.DiscIndexer INFO: Adding disc item Sectors:120152-120154|Type:Tim|Start Offset:0|Dimensions:64x64|Palettes:1|Bpp:8
11:37 jpsxdec.indexing.DiscIndexer INFO: Adding disc item Sectors:120155-120157|Type:Tim|Start Offset:0|Dimensions:64x64|Palettes:1|Bpp:8
11:37 jpsxdec.indexing.DiscIndexer INFO: Adding disc item Sectors:120158-120160|Type:Tim|Start Offset:0|Dimensions:64x64|Palettes:1|Bpp:8
11:37 jpsxdec.indexing.DiscIndexer INFO: Adding disc item Sectors:120161-120163|Type:Tim|Start Offset:0|Dimensions:64x64|Palettes:1|Bpp:8
11:37 jpsxdec.indexing.DiscIndexer INFO: Adding disc item Sectors:120164-120166|Type:Tim|Start Offset:0|Dimensions:64x64|Palettes:1|Bpp:8
11:37 jpsxdec.indexing.DiscIndexer INFO: Adding disc item Sectors:120167-120169|Type:Tim|Start Offset:0|Dimensions:64x64|Palettes:1|Bpp:8
11:37 jpsxdec.indexing.DiscIndexer INFO: Adding disc item Sectors:120170-120172|Type:Tim|Start Offset:0|Dimensions:64x64|Palettes:1|Bpp:8
11:37 jpsxdec.indexing.DiscIndexer INFO: Adding disc item Sectors:120173-120175|Type:Tim|Start Offset:0|Dimensions:64x64|Palettes:1|Bpp:8
11:37 jpsxdec.indexing.DiscIndexer INFO: Adding disc item Sectors:120176-120178|Type:Tim|Start Offset:0|Dimensions:64x64|Palettes:1|Bpp:8
11:37 jpsxdec.indexing.DiscIndexer INFO: Adding disc item Sectors:120179-120181|Type:Tim|Start Offset:0|Dimensions:64x64|Palettes:1|Bpp:8
11:37 jpsxdec.indexing.DiscIndexer INFO: Adding disc item Sectors:120182-120184|Type:Tim|Start Offset:0|Dimensions:64x64|Palettes:1|Bpp:8
11:37 jpsxdec.indexing.DiscIndexer INFO: Adding disc item Sectors:120185-120187|Type:Tim|Start Offset:0|Dimensions:64x64|Palettes:1|Bpp:8
11:37 jpsxdec.indexing.DiscIndexer INFO: Adding disc item Sectors:120188-120190|Type:Tim|Start Offset:0|Dimensions:64x64|Palettes:1|Bpp:8
11:37 jpsxdec.indexing.DiscIndexer INFO: Adding disc item Sectors:120191-120193|Type:Tim|Start Offset:0|Dimensions:64x64|Palettes:1|Bpp:8
11:37 jpsxdec.indexing.DiscIndexer INFO: Adding disc item Sectors:120194-120196|Type:Tim|Start Offset:0|Dimensions:64x64|Palettes:1|Bpp:8
11:37 jpsxdec.indexing.DiscIndexer INFO: Adding disc item Sectors:120197-120199|Type:Tim|Start Offset:0|Dimensions:64x64|Palettes:1|Bpp:8
11:37 jpsxdec.indexing.DiscIndexer INFO: Adding disc item Sectors:120200-120202|Type:Tim|Start Offset:0|Dimensions:64x64|Palettes:1|Bpp:8
11:37 jpsxdec.indexing.DiscIndexer INFO: Adding disc item Sectors:120203-120205|Type:Tim|Start Offset:0|Dimensions:64x64|Palettes:1|Bpp:8
11:37 jpsxdec.indexing.DiscIndexer INFO: Adding disc item Sectors:120206-120208|Type:Tim|Start Offset:0|Dimensions:64x64|Palettes:1|Bpp:8
11:37 jpsxdec.indexing.DiscIndexer INFO: Adding disc item Sectors:120209-120211|Type:Tim|Start Offset:0|Dimensions:64x64|Palettes:1|Bpp:8
11:37 jpsxdec.indexing.DiscIndexer INFO: Adding disc item Sectors:120212-120214|Type:Tim|Start Offset:0|Dimensions:64x64|Palettes:1|Bpp:8
11:37 jpsxdec.indexing.DiscIndexer INFO: Adding disc item Sectors:120215-120217|Type:Tim|Start Offset:0|Dimensions:64x64|Palettes:1|Bpp:8
11:37 jpsxdec.indexing.DiscIndexer INFO: Adding disc item Sectors:120218-120220|Type:Tim|Start Offset:0|Dimensions:64x64|Palettes:1|Bpp:8
11:37 jpsxdec.indexing.DiscIndexer INFO: Adding disc item Sectors:120221-120223|Type:Tim|Start Offset:0|Dimensions:64x64|Palettes:1|Bpp:8
11:37 jpsxdec.indexing.DiscIndexer INFO: Adding disc item Sectors:120224-120226|Type:Tim|Start Offset:0|Dimensions:64x64|Palettes:1|Bpp:8
11:37 jpsxdec.indexing.DiscIndexer INFO: Adding disc item Sectors:120227-120229|Type:Tim|Start Offset:0|Dimensions:64x64|Palettes:1|Bpp:8
11:37 jpsxdec.indexing.DiscIndexer INFO: Adding disc item Sectors:120230-120232|Type:Tim|Start Offset:0|Dimensions:64x64|Palettes:1|Bpp:8
11:37 jpsxdec.indexing.DiscIndexer INFO: Adding disc item Sectors:120233-120235|Type:Tim|Start Offset:0|Dimensions:64x64|Palettes:1|Bpp:8
11:37 jpsxdec.indexing.DiscIndexer INFO: Adding disc item Sectors:120236-120238|Type:Tim|Start Offset:0|Dimensions:64x64|Palettes:1|Bpp:8
11:37 jpsxdec.indexing.DiscIndexer INFO: Adding disc item Sectors:120239-120241|Type:Tim|Start Offset:0|Dimensions:64x64|Palettes:1|Bpp:8
11:37 jpsxdec.indexing.DiscIndexer INFO: Adding disc item Sectors:120242-120244|Type:Tim|Start Offset:0|Dimensions:64x64|Palettes:1|Bpp:8
11:37 jpsxdec.indexing.DiscIndexer INFO: Adding disc item Sectors:120245-120247|Type:Tim|Start Offset:0|Dimensions:64x64|Palettes:1|Bpp:8
11:37 jpsxdec.indexing.DiscIndexer INFO: Adding disc item Sectors:120248-120250|Type:Tim|Start Offset:0|Dimensions:64x64|Palettes:1|Bpp:8
11:37 jpsxdec.indexing.DiscIndexer INFO: Adding disc item Sectors:120251-120253|Type:Tim|Start Offset:0|Dimensions:64x64|Palettes:1|Bpp:8
11:37 jpsxdec.indexing.DiscIndexer INFO: Adding disc item Sectors:120254-120256|Type:Tim|Start Offset:0|Dimensions:64x64|Palettes:1|Bpp:8
11:37 jpsxdec.indexing.DiscIndexer INFO: Adding disc item Sectors:120257-120259|Type:Tim|Start Offset:0|Dimensions:64x64|Palettes:1|Bpp:8
11:37 jpsxdec.indexing.DiscIndexer INFO: Adding disc item Sectors:120260-120262|Type:Tim|Start Offset:0|Dimensions:64x64|Palettes:1|Bpp:8
11:37 jpsxdec.indexing.DiscIndexer INFO: Adding disc item Sectors:120263-120265|Type:Tim|Start Offset:0|Dimensions:64x64|Palettes:1|Bpp:8
11:37 jpsxdec.indexing.DiscIndexer INFO: Adding disc item Sectors:120266-120268|Type:Tim|Start Offset:0|Dimensions:64x64|Palettes:1|Bpp:8
11:37 jpsxdec.indexing.DiscIndexer INFO: Adding disc item Sectors:120269-120271|Type:Tim|Start Offset:0|Dimensions:64x64|Palettes:1|Bpp:8
11:37 jpsxdec.indexing.DiscIndexer INFO: Adding disc item Sectors:120272-120274|Type:Tim|Start Offset:0|Dimensions:64x64|Palettes:1|Bpp:8
11:37 jpsxdec.indexing.DiscIndexer INFO: Adding disc item Sectors:120275-120277|Type:Tim|Start Offset:0|Dimensions:64x64|Palettes:1|Bpp:8
11:37 jpsxdec.indexing.DiscIndexer INFO: Adding disc item Sectors:120278-120280|Type:Tim|Start Offset:0|Dimensions:64x64|Palettes:1|Bpp:8
11:37 jpsxdec.indexing.DiscIndexer INFO: Adding disc item Sectors:120281-120283|Type:Tim|Start Offset:0|Dimensions:64x64|Palettes:1|Bpp:8
11:37 jpsxdec.indexing.DiscIndexer INFO: Adding disc item Sectors:120284-120286|Type:Tim|Start Offset:0|Dimensions:64x64|Palettes:1|Bpp:8
11:37 jpsxdec.indexing.DiscIndexer INFO: Adding disc item Sectors:120287-120289|Type:Tim|Start Offset:0|Dimensions:64x64|Palettes:1|Bpp:8
11:37 jpsxdec.indexing.DiscIndexer INFO: Adding disc item Sectors:120290-120292|Type:Tim|Start Offset:0|Dimensions:64x64|Palettes:1|Bpp:8
11:37 jpsxdec.indexing.DiscIndexer INFO: Adding disc item Sectors:120293-120295|Type:Tim|Start Offset:0|Dimensions:64x64|Palettes:1|Bpp:8
11:37 jpsxdec.indexing.DiscIndexer INFO: Adding disc item Sectors:120296-120298|Type:Tim|Start Offset:0|Dimensions:64x64|Palettes:1|Bpp:8
11:37 jpsxdec.indexing.DiscIndexer INFO: Adding disc item Sectors:120299-120301|Type:Tim|Start Offset:0|Dimensions:64x64|Palettes:1|Bpp:8
11:37 jpsxdec.indexing.DiscIndexer INFO: Adding disc item Sectors:120302-120304|Type:Tim|Start Offset:0|Dimensions:64x64|Palettes:1|Bpp:8
11:37 jpsxdec.indexing.DiscIndexer INFO: Adding disc item Sectors:120305-120307|Type:Tim|Start Offset:0|Dimensions:64x64|Palettes:1|Bpp:8
11:37 jpsxdec.indexing.DiscIndexer INFO: Adding disc item Sectors:120308-120310|Type:Tim|Start Offset:0|Dimensions:64x64|Palettes:1|Bpp:8
11:37 jpsxdec.indexing.DiscIndexer INFO: Adding disc item Sectors:120311-120313|Type:Tim|Start Offset:0|Dimensions:64x64|Palettes:1|Bpp:8
11:37 jpsxdec.indexing.DiscIndexer INFO: Adding disc item Sectors:120314-120316|Type:Tim|Start Offset:0|Dimensions:64x64|Palettes:1|Bpp:8
11:37 jpsxdec.indexing.DiscIndexer INFO: Adding disc item Sectors:120317-120319|Type:Tim|Start Offset:0|Dimensions:64x64|Palettes:1|Bpp:8
11:37 jpsxdec.indexing.DiscIndexer INFO: Adding disc item Sectors:120320-120322|Type:Tim|Start Offset:0|Dimensions:64x64|Palettes:1|Bpp:8
11:37 jpsxdec.indexing.DiscIndexer INFO: Adding disc item Sectors:120323-120325|Type:Tim|Start Offset:0|Dimensions:64x64|Palettes:1|Bpp:8
11:37 jpsxdec.indexing.DiscIndexer INFO: Adding disc item Sectors:120326-120328|Type:Tim|Start Offset:0|Dimensions:64x64|Palettes:1|Bpp:8
11:37 jpsxdec.indexing.DiscIndexer INFO: Adding disc item Sectors:120329-120331|Type:Tim|Start Offset:0|Dimensions:64x64|Palettes:1|Bpp:8
11:37 jpsxdec.indexing.DiscIndexer INFO: Adding disc item Sectors:120332-120334|Type:Tim|Start Offset:0|Dimensions:64x64|Palettes:1|Bpp:8
11:37 jpsxdec.indexing.DiscIndexer INFO: Adding disc item Sectors:120335-120337|Type:Tim|Start Offset:0|Dimensions:64x64|Palettes:1|Bpp:8
11:37 jpsxdec.indexing.DiscIndexer INFO: Adding disc item Sectors:120338-120340|Type:Tim|Start Offset:0|Dimensions:64x64|Palettes:1|Bpp:8
11:37 jpsxdec.indexing.DiscIndexer INFO: Adding disc item Sectors:120341-120343|Type:Tim|Start Offset:0|Dimensions:64x64|Palettes:1|Bpp:8
11:37 jpsxdec.indexing.DiscIndexer INFO: Adding disc item Sectors:120344-120346|Type:Tim|Start Offset:0|Dimensions:64x64|Palettes:1|Bpp:8
11:37 jpsxdec.indexing.DiscIndexer INFO: Adding disc item Sectors:120347-120349|Type:Tim|Start Offset:0|Dimensions:64x64|Palettes:1|Bpp:8
11:37 jpsxdec.indexing.DiscIndexer INFO: Adding disc item Sectors:120350-120352|Type:Tim|Start Offset:0|Dimensions:64x64|Palettes:1|Bpp:8
11:37 jpsxdec.indexing.DiscIndexer INFO: Adding disc item Sectors:120353-120355|Type:Tim|Start Offset:0|Dimensions:64x64|Palettes:1|Bpp:8
11:37 jpsxdec.indexing.DiscIndexer INFO: Adding disc item Sectors:120356-120358|Type:Tim|Start Offset:0|Dimensions:64x64|Palettes:1|Bpp:8
11:37 jpsxdec.indexing.DiscIndexer INFO: Adding disc item Sectors:120359-120361|Type:Tim|Start Offset:0|Dimensions:64x64|Palettes:1|Bpp:8
11:37 jpsxdec.indexing.DiscIndexer INFO: Adding disc item Sectors:120362-120364|Type:Tim|Start Offset:0|Dimensions:64x64|Palettes:1|Bpp:8
11:37 jpsxdec.indexing.DiscIndexer INFO: Adding disc item Sectors:120365-120367|Type:Tim|Start Offset:0|Dimensions:64x64|Palettes:1|Bpp:8
11:37 jpsxdec.indexing.DiscIndexer INFO: Adding disc item Sectors:120368-120370|Type:Tim|Start Offset:0|Dimensions:64x64|Palettes:1|Bpp:8
11:37 jpsxdec.indexing.DiscIndexer INFO: Adding disc item Sectors:120371-120373|Type:Tim|Start Offset:0|Dimensions:64x64|Palettes:1|Bpp:8
11:37 jpsxdec.indexing.DiscIndexer INFO: Adding disc item Sectors:120374-120376|Type:Tim|Start Offset:0|Dimensions:64x64|Palettes:1|Bpp:8
11:37 jpsxdec.indexing.DiscIndexer INFO: Adding disc item Sectors:120377-120379|Type:Tim|Start Offset:0|Dimensions:64x64|Palettes:1|Bpp:8
11:37 jpsxdec.indexing.DiscIndexer INFO: Adding disc item Sectors:120380-120382|Type:Tim|Start Offset:0|Dimensions:64x64|Palettes:1|Bpp:8
11:37 jpsxdec.indexing.DiscIndexer INFO: Adding disc item Sectors:120383-120385|Type:Tim|Start Offset:0|Dimensions:64x64|Palettes:1|Bpp:8
11:37 jpsxdec.indexing.DiscIndexer INFO: Adding disc item Sectors:120386-120388|Type:Tim|Start Offset:0|Dimensions:64x64|Palettes:1|Bpp:8
11:37 jpsxdec.indexing.DiscIndexer INFO: Adding disc item Sectors:120389-120391|Type:Tim|Start Offset:0|Dimensions:64x64|Palettes:1|Bpp:8
11:37 jpsxdec.indexing.DiscIndexer INFO: Adding disc item Sectors:120392-120394|Type:Tim|Start Offset:0|Dimensions:64x64|Palettes:1|Bpp:8
11:37 jpsxdec.indexing.DiscIndexer INFO: Adding disc item Sectors:120395-120397|Type:Tim|Start Offset:0|Dimensions:64x64|Palettes:1|Bpp:8
11:37 jpsxdec.indexing.DiscIndexer INFO: Adding disc item Sectors:120398-120400|Type:Tim|Start Offset:0|Dimensions:64x64|Palettes:1|Bpp:8
11:37 jpsxdec.indexing.DiscIndexer INFO: Adding disc item Sectors:120401-120403|Type:Tim|Start Offset:0|Dimensions:64x64|Palettes:1|Bpp:8
11:37 jpsxdec.indexing.DiscIndexer INFO: Adding disc item Sectors:120404-120406|Type:Tim|Start Offset:0|Dimensions:64x64|Palettes:1|Bpp:8
11:37 jpsxdec.indexing.DiscIndexer INFO: Adding disc item Sectors:120407-120409|Type:Tim|Start Offset:0|Dimensions:64x64|Palettes:1|Bpp:8
11:37 jpsxdec.indexing.DiscIndexer INFO: Adding disc item Sectors:120410-120412|Type:Tim|Start Offset:0|Dimensions:64x64|Palettes:1|Bpp:8
11:37 jpsxdec.indexing.DiscIndexer INFO: Adding disc item Sectors:120413-120415|Type:Tim|Start Offset:0|Dimensions:64x64|Palettes:1|Bpp:8
11:37 jpsxdec.indexing.DiscIndexer INFO: Adding disc item Sectors:120416-120418|Type:Tim|Start Offset:0|Dimensions:64x64|Palettes:1|Bpp:8
11:37 jpsxdec.indexing.DiscIndexer INFO: Adding disc item Sectors:120419-120421|Type:Tim|Start Offset:0|Dimensions:64x64|Palettes:1|Bpp:8
11:37 jpsxdec.indexing.DiscIndexer INFO: Adding disc item Sectors:120422-120424|Type:Tim|Start Offset:0|Dimensions:64x64|Palettes:1|Bpp:8
11:37 jpsxdec.indexing.DiscIndexer INFO: Adding disc item Sectors:120425-120427|Type:Tim|Start Offset:40|Dimensions:64x64|Palettes:1|Bpp:8
11:37 jpsxdec.indexing.DiscIndexer INFO: Adding disc item Sectors:120427-120427|Type:Tim|Start Offset:584|Dimensions:128x16|Palettes:1|Bpp:4
11:37 jpsxdec.indexing.DiscIndexer INFO: Adding disc item Sectors:120427-120428|Type:Tim|Start Offset:1672|Dimensions:16x64|Palettes:1|Bpp:4
11:37 jpsxdec.indexing.DiscIndexer INFO: Adding disc item Sectors:120428-120428|Type:Tim|Start Offset:200|Dimensions:32x32|Palettes:1|Bpp:4
11:37 jpsxdec.indexing.DiscIndexer INFO: Adding disc item Sectors:120428-120429|Type:Tim|Start Offset:776|Dimensions:96x16|Palettes:16|Bpp:4
11:37 jpsxdec.indexing.DiscIndexer INFO: Adding disc item Sectors:120429-120441|Type:Tim|Start Offset:40|Dimensions:256x192|Palettes:1|Bpp:4
11:37 jpsxdec.indexing.DiscIndexer INFO: Adding disc item Sectors:120441-120441|Type:Tim|Start Offset:104|Dimensions:12x40|Palettes:1|Bpp:4
11:37 jpsxdec.indexing.DiscIndexer INFO: Adding disc item Sectors:120441-120441|Type:Tim|Start Offset:408|Dimensions:40x12|Palettes:1|Bpp:4
11:37 jpsxdec.indexing.DiscIndexer INFO: Adding disc item Sectors:120500-120508|Type:Tim|Start Offset:0|Dimensions:256x128|Palettes:1|Bpp:4
11:37 jpsxdec.indexing.DiscIndexer INFO: Adding disc item Sectors:120514-120530|Type:Tim|Start Offset:0|Dimensions:128x256|Palettes:1|Bpp:8
11:37 jpsxdec.indexing.DiscIndexer INFO: Adding disc item Sectors:233930-234000|Type:Tim|Start Offset:0|Dimensions:320x224|Palettes:1|Bpp:16
11:37 jpsxdec.indexing.DiscIndexer INFO: Adding disc item Sectors:234001-234071|Type:Tim|Start Offset:0|Dimensions:320x224|Palettes:1|Bpp:16
11:37 jpsxdec.indexing.DiscIndexer INFO: Adding disc item Sectors:234072-234142|Type:Tim|Start Offset:0|Dimensions:320x224|Palettes:1|Bpp:16
11:37 jpsxdec.indexing.DiscIndexer INFO: Adding disc item Sectors:234143-234180|Type:Tim|Start Offset:0|Dimensions:320x240|Palettes:1|Bpp:8
11:37 jpsxdec.indexing.DiscIndexer INFO: Adding disc item Sectors:234181-234218|Type:Tim|Start Offset:0|Dimensions:320x240|Palettes:1|Bpp:8
11:37 jpsxdec.indexing.DiscIndexer INFO: Adding disc item Sectors:234219-234256|Type:Tim|Start Offset:0|Dimensions:320x240|Palettes:1|Bpp:8
11:37 jpsxdec.indexing.DiscIndexer INFO: Adding disc item Sectors:234257-234294|Type:Tim|Start Offset:0|Dimensions:320x240|Palettes:1|Bpp:8
11:37 jpsxdec.indexing.DiscIndexer INFO: Adding disc item Sectors:234295-234332|Type:Tim|Start Offset:0|Dimensions:320x240|Palettes:1|Bpp:8
11:37 jpsxdec.indexing.DiscIndexer INFO: Adding disc item Sectors:234333-234370|Type:Tim|Start Offset:0|Dimensions:320x240|Palettes:1|Bpp:8
11:37 jpsxdec.indexing.DiscIndexer INFO: Adding disc item Sectors:234371-234408|Type:Tim|Start Offset:0|Dimensions:320x240|Palettes:1|Bpp:8
11:37 jpsxdec.indexing.DiscIndexer INFO: Adding disc item Sectors:234409-234446|Type:Tim|Start Offset:0|Dimensions:320x240|Palettes:1|Bpp:8
11:37 jpsxdec.indexing.DiscIndexer INFO: Adding disc item Sectors:234447-234484|Type:Tim|Start Offset:0|Dimensions:320x240|Palettes:1|Bpp:8
11:37 jpsxdec.indexing.DiscIndexer INFO: Adding disc item Sectors:234485-234509|Type:Tim|Start Offset:0|Dimensions:256x192|Palettes:1|Bpp:8
11:37 jpsxdec.indexing.DiscIndexer INFO: Adding disc item Sectors:234510-234534|Type:Tim|Start Offset:0|Dimensions:256x192|Palettes:1|Bpp:8
11:37 jpsxdec.indexing.DiscIndexer INFO: Adding disc item Sectors:234535-234559|Type:Tim|Start Offset:0|Dimensions:256x192|Palettes:1|Bpp:8
11:37 jpsxdec.indexing.DiscIndexer INFO: Adding disc item Sectors:234560-234584|Type:Tim|Start Offset:0|Dimensions:256x192|Palettes:1|Bpp:8
11:37 jpsxdec.indexing.DiscIndexer INFO: Adding disc item Sectors:234585-234609|Type:Tim|Start Offset:0|Dimensions:256x192|Palettes:1|Bpp:8
11:37 jpsxdec.indexing.DiscIndexer INFO: Adding disc item Sectors:234610-234680|Type:Tim|Start Offset:0|Dimensions:320x224|Palettes:1|Bpp:16
11:37 jpsxdec.indexing.DiscIndexer INFO: Adding disc item Sectors:234681-234751|Type:Tim|Start Offset:0|Dimensions:320x224|Palettes:1|Bpp:16
11:37 jpsxdec.indexing.DiscIndexer INFO: Adding disc item Sectors:234752-234822|Type:Tim|Start Offset:0|Dimensions:320x224|Palettes:1|Bpp:16
11:37 jpsxdec.indexing.DiscIndexer INFO: Adding disc item Sectors:234823-234893|Type:Tim|Start Offset:0|Dimensions:320x224|Palettes:1|Bpp:16
11:37 jpsxdec.indexing.DiscIndexer INFO: Adding disc item Sectors:234894-234964|Type:Tim|Start Offset:0|Dimensions:320x224|Palettes:1|Bpp:16
11:37 jpsxdec.indexing.DiscIndexer INFO: Adding disc item Sectors:234965-235035|Type:Tim|Start Offset:0|Dimensions:320x224|Palettes:1|Bpp:16
11:37 jpsxdec.indexing.DiscIndexer INFO: Adding disc item Sectors:235036-235073|Type:Tim|Start Offset:0|Dimensions:320x240|Palettes:1|Bpp:8
11:37 jpsxdec.indexing.DiscIndexer INFO: Adding disc item Sectors:235074-235144|Type:Tim|Start Offset:0|Dimensions:320x224|Palettes:1|Bpp:16
11:37 jpsxdec.indexing.DiscIndexer INFO: Adding disc item Sectors:235145-235215|Type:Tim|Start Offset:0|Dimensions:320x224|Palettes:1|Bpp:16
11:37 jpsxdec.indexing.DiscIndexer INFO: Adding disc item Sectors:235216-235286|Type:Tim|Start Offset:0|Dimensions:320x224|Palettes:1|Bpp:16
11:37 jpsxdec.indexing.DiscIndexer INFO: Adding disc item Sectors:235287-235357|Type:Tim|Start Offset:0|Dimensions:320x224|Palettes:1|Bpp:16
11:37 jpsxdec.indexing.DiscIndexer INFO: Adding disc item Sectors:235358-235428|Type:Tim|Start Offset:0|Dimensions:320x224|Palettes:1|Bpp:16
11:37 jpsxdec.indexing.DiscIndexer INFO: Adding disc item Sectors:235429-235466|Type:Tim|Start Offset:0|Dimensions:320x240|Palettes:1|Bpp:8
11:37 jpsxdec.indexing.DiscIndexer INFO: Adding disc item Sectors:235467-235537|Type:Tim|Start Offset:0|Dimensions:320x224|Palettes:1|Bpp:16
11:37 jpsxdec.indexing.DiscIndexer INFO: Adding disc item Sectors:235538-235608|Type:Tim|Start Offset:0|Dimensions:320x224|Palettes:1|Bpp:16
11:37 jpsxdec.indexing.DiscIndexer INFO: Adding disc item Sectors:235609-235679|Type:Tim|Start Offset:0|Dimensions:320x224|Palettes:1|Bpp:16
11:37 jpsxdec.indexing.DiscIndexer INFO: Adding disc item Sectors:235680-235750|Type:Tim|Start Offset:0|Dimensions:320x224|Palettes:1|Bpp:16
11:37 jpsxdec.indexing.DiscIndexer INFO: Adding disc item Sectors:235751-235821|Type:Tim|Start Offset:0|Dimensions:320x224|Palettes:1|Bpp:16
11:37 jpsxdec.indexing.DiscIndexer INFO: Adding disc item Sectors:235822-235892|Type:Tim|Start Offset:0|Dimensions:320x224|Palettes:1|Bpp:16
11:37 jpsxdec.indexing.DiscIndexer INFO: Adding disc item Sectors:235893-235963|Type:Tim|Start Offset:0|Dimensions:320x224|Palettes:1|Bpp:16
11:37 jpsxdec.indexing.DiscIndexer INFO: Adding disc item Sectors:235964-236034|Type:Tim|Start Offset:0|Dimensions:320x224|Palettes:1|Bpp:16
11:37 jpsxdec.indexing.DiscIndexer INFO: Adding disc item Sectors:236035-236105|Type:Tim|Start Offset:0|Dimensions:320x224|Palettes:1|Bpp:16
11:37 jpsxdec.indexing.DiscIndexer INFO: Adding disc item Sectors:236106-236176|Type:Tim|Start Offset:0|Dimensions:320x224|Palettes:1|Bpp:16
11:37 jpsxdec.indexing.DiscIndexer INFO: Adding disc item Sectors:236177-236247|Type:Tim|Start Offset:0|Dimensions:320x224|Palettes:1|Bpp:16
11:37 jpsxdec.indexing.DiscIndexer INFO: Adding disc item Sectors:236248-236318|Type:Tim|Start Offset:0|Dimensions:320x224|Palettes:1|Bpp:16
11:37 jpsxdec.indexing.DiscIndexer INFO: Adding disc item Sectors:236319-236389|Type:Tim|Start Offset:0|Dimensions:320x224|Palettes:1|Bpp:16
11:37 jpsxdec.indexing.DiscIndexer INFO: Adding disc item Sectors:236390-236460|Type:Tim|Start Offset:0|Dimensions:320x224|Palettes:1|Bpp:16
11:37 jpsxdec.indexing.DiscIndexer INFO: Adding disc item Sectors:236461-236531|Type:Tim|Start Offset:0|Dimensions:320x224|Palettes:1|Bpp:16
11:37 jpsxdec.indexing.DiscIndexer INFO: Adding disc item Sectors:236532-236602|Type:Tim|Start Offset:0|Dimensions:320x224|Palettes:1|Bpp:16
11:37 jpsxdec.indexing.DiscIndexer INFO: Adding disc item Sectors:236603-236673|Type:Tim|Start Offset:0|Dimensions:320x224|Palettes:1|Bpp:16
11:37 jpsxdec.indexing.DiscIndexer INFO: Adding disc item Sectors:236674-236711|Type:Tim|Start Offset:0|Dimensions:320x240|Palettes:1|Bpp:8
11:37 jpsxdec.indexing.DiscIndexer INFO: Adding disc item Sectors:236712-236782|Type:Tim|Start Offset:0|Dimensions:320x224|Palettes:1|Bpp:16
11:37 jpsxdec.indexing.DiscIndexer INFO: Adding disc item Sectors:236783-236853|Type:Tim|Start Offset:0|Dimensions:320x224|Palettes:1|Bpp:16
11:37 jpsxdec.indexing.DiscIndexer INFO: Adding disc item Sectors:236854-236924|Type:Tim|Start Offset:0|Dimensions:320x224|Palettes:1|Bpp:16
11:37 jpsxdec.indexing.DiscIndexer INFO: Adding disc item Sectors:236925-236995|Type:Tim|Start Offset:0|Dimensions:320x224|Palettes:1|Bpp:16
11:37 jpsxdec.indexing.DiscIndexer INFO: Adding disc item Sectors:236996-237066|Type:Tim|Start Offset:0|Dimensions:320x224|Palettes:1|Bpp:16
11:37 jpsxdec.indexing.DiscIndexer INFO: Adding disc item Sectors:237067-237137|Type:Tim|Start Offset:0|Dimensions:320x224|Palettes:1|Bpp:16
11:37 jpsxdec.indexing.DiscIndexer INFO: Adding disc item Sectors:237138-237208|Type:Tim|Start Offset:0|Dimensions:320x224|Palettes:1|Bpp:16
11:37 jpsxdec.indexing.DiscIndexer INFO: Adding disc item Sectors:237209-237279|Type:Tim|Start Offset:0|Dimensions:320x224|Palettes:1|Bpp:16
11:37 jpsxdec.indexing.DiscIndexer INFO: Adding disc item Sectors:237280-237350|Type:Tim|Start Offset:0|Dimensions:320x224|Palettes:1|Bpp:16
11:37 jpsxdec.indexing.DiscIndexer INFO: Adding disc item Sectors:237351-237421|Type:Tim|Start Offset:0|Dimensions:320x224|Palettes:1|Bpp:16
11:37 jpsxdec.indexing.DiscIndexer INFO: Adding disc item Sectors:237422-237492|Type:Tim|Start Offset:0|Dimensions:320x224|Palettes:1|Bpp:16
11:37 jpsxdec.indexing.DiscIndexer INFO: Adding disc item Sectors:237493-237563|Type:Tim|Start Offset:0|Dimensions:320x224|Palettes:1|Bpp:16
11:37 jpsxdec.indexing.DiscIndexer INFO: Adding disc item Sectors:237564-237634|Type:Tim|Start Offset:0|Dimensions:320x224|Palettes:1|Bpp:16
11:37 jpsxdec.indexing.DiscIndexer INFO: Adding disc item Sectors:237635-237659|Type:Tim|Start Offset:0|Dimensions:256x192|Palettes:1|Bpp:8
11:37 jpsxdec.indexing.DiscIndexer INFO: Adding disc item Sectors:237660-237684|Type:Tim|Start Offset:0|Dimensions:256x192|Palettes:1|Bpp:8
11:37 jpsxdec.indexing.DiscIndexer INFO: Adding disc item Sectors:237685-237709|Type:Tim|Start Offset:0|Dimensions:256x192|Palettes:1|Bpp:8
11:37 jpsxdec.indexing.DiscIndexer INFO: Adding disc item Sectors:237710-237750|Type:Tim|Start Offset:0|Dimensions:320x256|Palettes:1|Bpp:8
11:37 jpsxdec.indexing.DiscIndexer INFO: Adding disc item Sectors:237751-237791|Type:Tim|Start Offset:0|Dimensions:320x256|Palettes:1|Bpp:8
11:37 jpsxdec.indexing.DiscIndexer INFO: Adding disc item Sectors:237792-237832|Type:Tim|Start Offset:0|Dimensions:320x256|Palettes:1|Bpp:8
11:37 jpsxdec.indexing.DiscIndexer INFO: Adding disc item Sectors:237833-237903|Type:Tim|Start Offset:0|Dimensions:320x224|Palettes:1|Bpp:16
11:37 jpsxdec.indexing.DiscIndexer INFO: Adding disc item Sectors:237904-237974|Type:Tim|Start Offset:0|Dimensions:320x224|Palettes:1|Bpp:16
11:37 jpsxdec.indexing.DiscIndexer INFO: Adding disc item Sectors:237975-238045|Type:Tim|Start Offset:0|Dimensions:320x224|Palettes:1|Bpp:16
11:37 jpsxdec.indexing.DiscIndexer INFO: Adding disc item Sectors:238046-238116|Type:Tim|Start Offset:0|Dimensions:320x224|Palettes:1|Bpp:16
11:37 jpsxdec.indexing.DiscIndexer INFO: Adding disc item Sectors:238117-238187|Type:Tim|Start Offset:0|Dimensions:320x224|Palettes:1|Bpp:16
11:37 jpsxdec.indexing.DiscIndexer INFO: Adding disc item Sectors:238188-238258|Type:Tim|Start Offset:0|Dimensions:320x224|Palettes:1|Bpp:16
11:37 jpsxdec.indexing.DiscIndexer INFO: Adding disc item Sectors:238259-238329|Type:Tim|Start Offset:0|Dimensions:320x224|Palettes:1|Bpp:16
11:37 jpsxdec.indexing.DiscIndexer INFO: Adding disc item Sectors:238330-238400|Type:Tim|Start Offset:0|Dimensions:320x224|Palettes:1|Bpp:16
11:37 jpsxdec.indexing.DiscIndexer INFO: Adding disc item Sectors:238401-238425|Type:Tim|Start Offset:0|Dimensions:256x192|Palettes:1|Bpp:8
11:37 jpsxdec.indexing.DiscIndexer INFO: Adding disc item Sectors:238426-238450|Type:Tim|Start Offset:0|Dimensions:256x192|Palettes:1|Bpp:8
11:37 jpsxdec.indexing.DiscIndexer INFO: Adding disc item Sectors:238451-238475|Type:Tim|Start Offset:0|Dimensions:256x192|Palettes:1|Bpp:8
11:37 jpsxdec.indexing.DiscIndexer INFO: Adding disc item Sectors:238476-238500|Type:Tim|Start Offset:0|Dimensions:256x192|Palettes:1|Bpp:8
11:37 jpsxdec.indexing.DiscIndexer INFO: Adding disc item Sectors:238501-238525|Type:Tim|Start Offset:0|Dimensions:256x192|Palettes:1|Bpp:8
11:37 jpsxdec.indexing.DiscIndexer INFO: Adding disc item Sectors:238526-238550|Type:Tim|Start Offset:0|Dimensions:256x192|Palettes:1|Bpp:8
11:37 jpsxdec.indexing.DiscIndexer INFO: Adding disc item Sectors:238551-238570|Type:Tim|Start Offset:0|Dimensions:256x156|Palettes:1|Bpp:8
11:37 jpsxdec.indexing.DiscIndexer INFO: Adding disc item Sectors:238571-238641|Type:Tim|Start Offset:0|Dimensions:320x224|Palettes:1|Bpp:16
11:37 jpsxdec.indexing.DiscIndexer INFO: Adding disc item Sectors:238642-238712|Type:Tim|Start Offset:0|Dimensions:320x224|Palettes:1|Bpp:16
11:37 jpsxdec.indexing.DiscIndexer INFO: Adding disc item Sectors:238713-238783|Type:Tim|Start Offset:0|Dimensions:320x224|Palettes:1|Bpp:16
11:37 jpsxdec.indexing.DiscIndexer INFO: Adding disc item Sectors:238784-238854|Type:Tim|Start Offset:0|Dimensions:320x224|Palettes:1|Bpp:16
11:37 jpsxdec.indexing.DiscIndexer INFO: Adding disc item Sectors:238855-238925|Type:Tim|Start Offset:0|Dimensions:640x224|Palettes:1|Bpp:8
11:37 jpsxdec.indexing.DiscIndexer INFO: Adding disc item Sectors:238926-238996|Type:Tim|Start Offset:0|Dimensions:640x224|Palettes:1|Bpp:8
11:37 jpsxdec.indexing.DiscIndexer INFO: Adding disc item ID:SLPS_011.60|Sectors:108444-108590|Type:File|Size:301056|Path:SLPS_011.60|Has mode 2 form 2:No|Has CD audio:No
11:37 jpsxdec.indexing.DiscIndexer INFO: Adding disc item ID:SYSTEM.CNF|Sectors:108443-108443|Type:File|Size:66|Path:SYSTEM.CNF|Has mode 2 form 2:No|Has CD audio:No
11:37 jpsxdec.modules.video.sectorbased.fps.StrFrameRateCalc INFO: Matching fps sequence: "10.0 sectors/frame" 10 length 2370 matches@0 1:1=true
11:37 jpsxdec.modules.video.sectorbased.fps.StrFrameRateCalc INFO: Possible frame rates: [2, 5, 10] Chose 10
11:37 jpsxdec.modules.video.sectorbased.fps.StrFrameRateCalc INFO: Sectors 105943-108312 (2370) frames 237 average 10 CASE1001011 old 10 new 10 @000000 vfr false 10.0 sectors/frame
11:37 jpsxdec.indexing.DiscIndexer INFO: Adding disc item Sectors:105943-108312|Type:Video|Dimensions:320x224|Frame Count:237|Sector Frames:105943-108303|Sectors/Frame:10/1|1st frame end sector:9|Header Frames:1-237
11:37 index INFO: Time: 15.39 sec
11:37 jpsxdec.indexing.SectorTypeCounter INFO: ISO9660 Directory Records 1
11:37 jpsxdec.indexing.SectorTypeCounter INFO: ISO9660 Volume Primary Descriptor 1
11:37 jpsxdec.indexing.SectorTypeCounter INFO: STR Str 94281
11:37 jpsxdec.indexing.SectorTypeCounter INFO: Unknown 197528
11:37 jpsxdec.indexing.SectorTypeCounter INFO: XA Audio 13542
11:37 jpsxdec.indexing.SectorTypeCounter INFO: XA Empty 4
11:37 jpsxdec.modules.video.save.VDP INFO: Bitstream format: BitStreamUncompressor_STRv2
11:40 jpsxdec.i18n.log.DebugLogger WARNING: Frame in sectors 37839-37841 is missing chunk 3
11:40 jpsxdec.i18n.log.DebugLogger WARNING: Frame in sectors 37839-37841 is missing chunk 4
11:40 jpsxdec.i18n.log.DebugLogger WARNING: Frame in sectors 37839-37841 is missing chunk 5
11:40 jpsxdec.i18n.log.DebugLogger WARNING: Frame in sectors 37839-37841 is missing chunk 6
11:40 jpsxdec.i18n.log.DebugLogger WARNING: Frame in sectors 37839-37841 is missing chunk 7
11:40 jpsxdec.i18n.log.DebugLogger WARNING: Frame in sectors 37839-37841 is missing chunk 8
11:40 jpsxdec.modules.video.save.VDP INFO: Bitstream format: BitStreamUncompressor_STRv2
11:40 jpsxdec.modules.video.save.VDP INFO: Bitstream format: BitStreamUncompressor_STRv2
11:40 jpsxdec.modules.video.save.VDP INFO: Bitstream format: BitStreamUncompressor_STRv2
11:40 jpsxdec.modules.video.save.VDP INFO: Bitstream format: BitStreamUncompressor_STRv2
11:40 jpsxdec.modules.video.save.VDP INFO: Bitstream format: BitStreamUncompressor_STRv2
11:40 jpsxdec.modules.video.save.VDP INFO: Bitstream format: BitStreamUncompressor_STRv2
11:41 jpsxdec.modules.video.save.VDP INFO: Bitstream format: BitStreamUncompressor_STRv2
11:41 jpsxdec.modules.video.save.VDP INFO: Bitstream format: BitStreamUncompressor_STRv2
