jPSXdec: PSX media decoder (non-commercial) v2.0
Windows 11 10.0
Java 1.8.0_471
2025. 11. 29 오후 11:13:29
[정보] Filename:C:\Users\JO\Desktop\XENO_ARC\Xenogears\JPN ROM\XenogearsCD2JPN.bin|Sector size:2352|Sector count:310344|First sector offset:0
[정보] #:0|ID:?[0]|Sectors:41-67290|Type:Video|Dimensions:320x224|Frame Count:6725|Sector Frames:41-67281|Sectors/Frame:10/1|1st frame end sector:9|Disc Speed:2|Header Frames:1-6725
[정보] Video format: AVI: Compressed (MJPG)
[정보] Dimensions: 320x224
[정보] With audio item(s):
[정보] #:1|ID:?[0.0]|Sectors:48-67408|Type:XA|File:1|Channel:1|Stereo?:Yes|Samples/Sec:37800|Bits/Sample:4|Sector stride:8|Disc speed:2x
[정보] Emulate PSX audio/video sync: No
[정보] Saving as: XenogearsCD2JPN.bin[0].avi
[정보] Disc speed: 2x (15 fps)
[정보] #:8|ID:?[4]|Sectors:79545-117543|Type:Video|Dimensions:320x224|Frame Count:3800|Sector Frames:79545-117535|Sectors/Frame:10/1|1st frame end sector:9|Disc Speed:2|Header Frames:1-3800
[정보] Video format: AVI: Compressed (MJPG)
[정보] Dimensions: 320x224
[정보] With audio item(s):
[정보] #:9|ID:?[4.0]|Sectors:79552-117968|Type:XA|File:1|Channel:1|Stereo?:Yes|Samples/Sec:37800|Bits/Sample:4|Sector stride:8|Disc speed:2x
[정보] Emulate PSX audio/video sync: No
[정보] Saving as: XenogearsCD2JPN.bin[4].avi
[정보] Disc speed: 2x (15 fps)
[정보] #:12|ID:?[6]|Sectors:120585-187834|Type:Video|Dimensions:320x224|Frame Count:6725|Sector Frames:120585-187825|Sectors/Frame:10/1|1st frame end sector:9|Disc Speed:2|Header Frames:1-6725
[정보] Video format: AVI: Compressed (MJPG)
[정보] Dimensions: 320x224
[정보] With audio item(s):
[정보] #:13|ID:?[6.0]|Sectors:120592-187952|Type:XA|File:1|Channel:1|Stereo?:Yes|Samples/Sec:37800|Bits/Sample:4|Sector stride:8|Disc speed:2x
[정보] Emulate PSX audio/video sync: No
[정보] Saving as: XenogearsCD2JPN.bin[6].avi
[정보] Disc speed: 2x (15 fps)
